[2016-02-18 20:34:16] START
[2016-02-18 20:34:49] EDIT charts/controllers/default.py: 51
[2016-02-18 20:35:58] CREATE default/chart.html: 0
[2016-02-18 20:36:10] EDIT charts/views/default/chart.html: 3
[2016-02-18 20:37:14] EDIT charts/controllers/default.py: -46
[2016-02-18 20:37:29] EDIT charts/views/default/chart.html: 44
[2016-02-18 20:37:57] EDIT charts/controllers/default.py: 0
[2016-02-18 20:38:09] EDIT charts/views/default/chart.html: -44
[2016-02-19 00:04:07] EDIT chart_example/views/default/chart.html: -1
[2016-02-19 00:12:27] EDIT chart_example/views/default/chart.html: 0
[2016-02-19 00:12:50] EDIT chart_example/views/default/chart.html: 0
[2016-02-19 00:14:30] EDIT chart_example/views/default/chart.html: 0
[2016-02-19 00:18:21] EDIT chart_example/views/default/chart.html: 0
[2016-02-23 17:26:31] EDIT chart_example/controllers/default.py: 63
[2016-02-23 17:27:34] CREATE default/chart_bars.html: 0
[2016-02-23 17:27:45] EDIT chart_example/views/default/chart_bars.html: 2
[2016-02-23 17:27:56] EDIT chart_example/controllers/default.py: 0
[2016-02-23 17:29:32] EDIT chart_example/controllers/default.py: -1
[2016-02-23 17:31:08] EDIT chart_example/controllers/default.py: 2
[2016-02-23 17:34:27] EDIT chart_example/controllers/default.py: 3
[2016-02-23 17:35:28] EDIT chart_example/controllers/default.py: 0
[2016-02-23 17:35:50] EDIT chart_example/controllers/default.py: -1
[2016-02-23 17:37:04] EDIT chart_example/controllers/default.py: 0
[2016-02-23 17:37:34] EDIT chart_example/controllers/default.py: 0
[2016-02-23 17:37:52] EDIT chart_example/controllers/default.py: 0
[2016-02-23 17:38:05] EDIT chart_example/controllers/default.py: 0
[2016-02-23 17:38:23] EDIT chart_example/controllers/default.py: 0
[2016-02-23 17:38:37] EDIT chart_example/controllers/default.py: 0
[2016-02-23 17:38:59] EDIT chart_example/controllers/default.py: 1
[2016-02-23 17:39:38] EDIT chart_example/controllers/default.py: 0
[2016-02-23 17:43:59] EDIT chart_example/controllers/default.py: 0
[2016-02-23 17:44:45] EDIT chart_example/controllers/default.py: 0
[2016-02-23 17:47:26] EDIT chart_example/views/default/chart_bars.html: 0
[2016-02-23 17:48:50] EDIT chart_example/controllers/default.py: 0
[2016-02-23 17:51:50] EDIT chart_example/views/default/chart_bars.html: 0
[2016-02-23 17:55:01] EDIT chart_example/views/default/index.html: -6
[2016-02-23 17:56:59] EDIT chart_example/views/default/index.html: -9
[2016-02-23 17:57:32] EDIT chart_example/views/default/index.html: 0
[2016-02-23 17:58:18] EDIT chart_example/views/default/index.html: 4
